<?xml version="1.0" encoding="UTF-8"?>
<!-- Generated by org.testng.reporters.JUnitXMLReporter -->
<testsuite hostname="Thinkpad-PC" name="SmokeScenario" tests="2" failures="0" timestamp="23 Sep 2017 08:09:35 GMT" time="0.081" errors="0">
  <testcase name="@BeforeTest setUP" time="0.0" classname="testcases.VerifyHome">
    <failure type="java.lang.NullPointerException">
      <![CDATA[java.lang.NullPointerException
	at java.util.Hashtable.put(Unknown Source)
	at java.util.Properties.setProperty(Unknown Source)
	at java.lang.System.setProperty(Unknown Source)
	at factory.BrowserFactory.getBrowser(BrowserFactory.java:24)
	at testcases.VerifyHome.setUP(VerifyHome.java:21)
... Removed 22 stack frames]]>
    </failure>
  </testcase> <!-- @BeforeTest setUP -->
  <testcase name="@AfterMethod TearDown" time="0.0" classname="testcases.VerifyHome">
    <skipped/>
  </testcase> <!-- @AfterMethod TearDown -->
  <testcase name="testLoginPage" time="0.002" classname="testcases.VerifyHome">
    <skipped/>
  </testcase> <!-- testLoginPage -->
  <testcase name="verifyLogin" time="0.002" classname="testcases.TestCase">
    <skipped/>
  </testcase> <!-- verifyLogin -->
</testsuite> <!-- SmokeScenario -->
