<?xml version="1.0" encoding="UTF-8"?>
<testng-results skipped="1" failed="0" total="1" passed="0">
  <reporter-output>
  </reporter-output>
  <suite name="Default suite" duration-ms="982" started-at="2017-09-24T11:09:36Z" finished-at="2017-09-24T11:09:37Z">
    <groups>
    </groups>
    <test name="Default test" duration-ms="982" started-at="2017-09-24T11:09:36Z" finished-at="2017-09-24T11:09:37Z">
      <class name="testcases.VerifyHome">
        <test-method status="FAIL" signature="setUP()[pri:0, instance:testcases.VerifyHome@17c88d4]" name="setUP" is-config="true" duration-ms="0" started-at="2017-09-24T16:39:36Z" finished-at="2017-09-24T16:39:36Z">
          <exception class="java.lang.UnsupportedClassVersionError">
            <message>
              <![CDATA[org/openqa/selenium/WebDriver : Unsupported major.minor version 52.0]]>
            </message>
            <full-stacktrace>
              <![CDATA[java.lang.UnsupportedClassVersionError: org/openqa/selenium/WebDriver : Unsupported major.minor version 52.0
	at java.lang.ClassLoader.defineClass1(Native Method)
	at java.lang.ClassLoader.defineClass(ClassLoader.java:791)
	at java.security.SecureClassLoader.defineClass(SecureClassLoader.java:142)
	at java.net.URLClassLoader.defineClass(URLClassLoader.java:449)
	at java.net.URLClassLoader.access$100(URLClassLoader.java:71)
	at java.net.URLClassLoader$1.run(URLClassLoader.java:361)
	at java.net.URLClassLoader$1.run(URLClassLoader.java:355)
	at java.security.AccessController.doPrivileged(Native Method)
	at java.net.URLClassLoader.findClass(URLClassLoader.java:354)
	at java.lang.ClassLoader.loadClass(ClassLoader.java:423)
	at sun.misc.Launcher$AppClassLoader.loadClass(Launcher.java:308)
	at java.lang.ClassLoader.loadClass(ClassLoader.java:356)
	at testcases.VerifyHome.setUP(VerifyHome.java:32)
	at sun.reflect.NativeMethodAccessorImpl.invoke0(Native Method)
	at sun.reflect.NativeMethodAccessorImpl.invoke(NativeMethodAccessorImpl.java:57)
	at sun.reflect.DelegatingMethodAccessorImpl.invoke(DelegatingMethodAccessorImpl.java:43)
	at java.lang.reflect.Method.invoke(Method.java:601)
	at org.testng.internal.MethodInvocationHelper.invokeMethod(MethodInvocationHelper.java:80)
	at org.testng.internal.Invoker.invokeConfigurationMethod(Invoker.java:564)
	at org.testng.internal.Invoker.invokeConfigurations(Invoker.java:213)
	at org.testng.internal.Invoker.invokeConfigurations(Invoker.java:138)
	at org.testng.TestRunner.beforeRun(TestRunner.java:641)
	at org.testng.TestRunner.run(TestRunner.java:609)
	at org.testng.SuiteRunner.runTest(SuiteRunner.java:334)
	at org.testng.SuiteRunner.runSequentially(SuiteRunner.java:329)
	at org.testng.SuiteRunner.privateRun(SuiteRunner.java:291)
	at org.testng.SuiteRunner.run(SuiteRunner.java:240)
	at org.testng.SuiteRunnerWorker.runSuite(SuiteRunnerWorker.java:52)
	at org.testng.SuiteRunnerWorker.run(SuiteRunnerWorker.java:86)
	at org.testng.TestNG.runSuitesSequentially(TestNG.java:1198)
	at org.testng.TestNG.runSuitesLocally(TestNG.java:1123)
	at org.testng.TestNG.run(TestNG.java:1031)
	at org.testng.remote.AbstractRemoteTestNG.run(AbstractRemoteTestNG.java:114)
	at org.testng.remote.RemoteTestNG.initAndRun(RemoteTestNG.java:251)
	at org.testng.remote.RemoteTestNG.main(RemoteTestNG.java:77)
]]>
            </full-stacktrace>
          </exception> <!-- java.lang.UnsupportedClassVersionError -->
          <reporter-output>
          </reporter-output>
        </test-method> <!-- setUP -->
        <test-method status="SKIP" signature="TearDown(org.testng.ITestResult)[pri:0, instance:testcases.VerifyHome@17c88d4]" name="TearDown" is-config="true" duration-ms="0" started-at="2017-09-24T16:39:37Z" finished-at="2017-09-24T16:39:37Z">
          <reporter-output>
          </reporter-output>
        </test-method> <!-- TearDown -->
        <test-method status="SKIP" signature="testLoginPage()[pri:0, instance:testcases.VerifyHome@17c88d4]" name="testLoginPage" duration-ms="0" started-at="2017-09-24T16:39:37Z" finished-at="2017-09-24T16:39:37Z">
          <reporter-output>
          </reporter-output>
        </test-method> <!-- testLoginPage -->
      </class> <!-- testcases.VerifyHome -->
    </test> <!-- Default test -->
  </suite> <!-- Default suite -->
</testng-results>
